# JRE version: OpenJDK Runtime Environment (11.0.10) (build 11.0.10+0-b96-7249189)
# Java VM: OpenJDK 64-Bit Server VM (11.0.10+0-b96-7249189, mixed mode, tiered, compressed oops, g1 gc, windows-amd64)
Heap:
 garbage-first heap   total 147456K, used 101085K [0x0000000080000000, 0x0000000100000000)
  region size 1024K, 17 young (17408K), 1 survivors (1024K)
 Metaspace       used 109966K, capacity 112943K, committed 113100K, reserved 1146880K
  class space    used 14070K, capacity 15163K, committed 15308K, reserved 1048576K
GC Heap History (20 events):
Event: 3804.277 GC heap before
{Heap before GC invocations=49 (full 0):
 garbage-first heap   total 147456K, used 116632K [0x0000000080000000, 0x0000000100000000)
  region size 1024K, 37 young (37888K), 1 survivors (1024K)
 Metaspace       used 108635K, capacity 111540K, committed 112076K, reserved 1146880K
  class space    used 14001K, capacity 15057K, committed 15308K, reserved 1048576K
}
Event: 3804.298 GC heap after
{Heap after GC invocations=50 (full 0):
 garbage-first heap   total 147456K, used 83257K [0x0000000080000000, 0x0000000100000000)
  region size 1024K, 4 young (4096K), 4 survivors (4096K)
 Metaspace       used 108635K, capacity 111540K, committed 112076K, reserved 1146880K
  class space    used 14001K, capacity 15057K, committed 15308K, reserved 1048576K
}
Event: 3805.311 GC heap before
{Heap before GC invocations=51 (full 0):
 garbage-first heap   total 147456K, used 117049K [0x0000000080000000, 0x0000000100000000)
  region size 1024K, 38 young (38912K), 4 survivors (4096K)
 Metaspace       used 108875K, capacity 111666K, committed 112076K, reserved 1146880K
  class space    used 13999K, capacity 15054K, committed 15308K, reserved 1048576K
}
Event: 3805.330 GC heap after
{Heap after GC invocations=52 (full 0):
 garbage-first heap   total 147456K, used 90112K [0x0000000080000000, 0x0000000100000000)
  region size 1024K, 5 young (5120K), 5 survivors (5120K)
 Metaspace       used 108875K, capacity 111666K, committed 112076K, reserved 1146880K
  class space    used 13999K, capacity 15054K, committed 15308K, reserved 1048576K
}
Event: 3805.344 GC heap before
{Heap before GC invocations=52 (full 0):
 garbage-first heap   total 147456K, used 92160K [0x0000000080000000, 0x0000000100000000)
  region size 1024K, 7 young (7168K), 5 survivors (5120K)
 Metaspace       used 108879K, capacity 111666K, committed 112076K, reserved 1146880K
  class space    used 13999K, capacity 15054K, committed 15308K, reserved 1048576K
}
Event: 3805.379 GC heap after
{Heap after GC invocations=53 (full 0):
 garbage-first heap   total 147456K, used 86364K [0x0000000080000000, 0x0000000100000000)
  region size 1024K, 1 young (1024K), 1 survivors (1024K)
 Metaspace       used 108879K, capacity 111666K, committed 112076K, reserved 1146880K
  class space    used 13999K, capacity 15054K, committed 15308K, reserved 1048576K
}
Event: 3805.888 GC heap before
{Heap before GC invocations=53 (full 0):
 garbage-first heap   total 147456K, used 116060K [0x0000000080000000, 0x0000000100000000)
  region size 1024K, 31 young (31744K), 1 survivors (1024K)
 Metaspace       used 109191K, capacity 112021K, committed 112332K, reserved 1146880K
  class space    used 14000K, capacity 15056K, committed 15308K, reserved 1048576K
}
Event: 3805.910 GC heap after
{Heap after GC invocations=54 (full 0):
 garbage-first heap   total 147456K, used 91648K [0x0000000080000000, 0x0000000100000000)
  region size 1024K, 4 young (4096K), 4 survivors (4096K)
 Metaspace       used 109191K, capacity 112021K, committed 112332K, reserved 1146880K
  class space    used 14000K, capacity 15056K, committed 15308K, reserved 1048576K
}
Event: 3981.169 GC heap before
{Heap before GC invocations=55 (full 0):
 garbage-first heap   total 147456K, used 124416K [0x0000000080000000, 0x0000000100000000)
  region size 1024K, 31 young (31744K), 4 survivors (4096K)
 Metaspace       used 109383K, capacity 112217K, committed 112588K, reserved 1146880K
  class space    used 14014K, capacity 15080K, committed 15308K, reserved 1048576K
}
Event: 3981.187 GC heap after
{Heap after GC invocations=56 (full 0):
 garbage-first heap   total 147456K, used 94342K [0x0000000080000000, 0x0000000100000000)
  region size 1024K, 3 young (3072K), 3 survivors (3072K)
 Metaspace       used 109383K, capacity 112217K, committed 112588K, reserved 1146880K
  class space    used 14014K, capacity 15080K, committed 15308K, reserved 1048576K
}
Event: 3981.292 GC heap before
{Heap before GC invocations=56 (full 0):
 garbage-first heap   total 147456K, used 98438K [0x0000000080000000, 0x0000000100000000)
  region size 1024K, 7 young (7168K), 3 survivors (3072K)
 Metaspace       used 109511K, capacity 112455K, committed 112844K, reserved 1146880K
  class space    used 14030K, capacity 15109K, committed 15308K, reserved 1048576K
}
Event: 3981.328 GC heap after
{Heap after GC invocations=57 (full 0):
 garbage-first heap   total 147456K, used 86514K [0x0000000080000000, 0x0000000100000000)
  region size 1024K, 1 young (1024K), 1 survivors (1024K)
 Metaspace       used 109511K, capacity 112455K, committed 112844K, reserved 1146880K
  class space    used 14030K, capacity 15109K, committed 15308K, reserved 1048576K
}
Event: 3981.650 GC heap before
{Heap before GC invocations=57 (full 0):
 garbage-first heap   total 147456K, used 91634K [0x0000000080000000, 0x0000000100000000)
  region size 1024K, 7 young (7168K), 1 survivors (1024K)
 Metaspace       used 109540K, capacity 112527K, committed 112844K, reserved 1146880K
  class space    used 14030K, capacity 15110K, committed 15308K, reserved 1048576K
}
Event: 3981.689 GC heap after
{Heap after GC invocations=58 (full 0):
 garbage-first heap   total 147456K, used 86076K [0x0000000080000000, 0x0000000100000000)
  region size 1024K, 1 young (1024K), 1 survivors (1024K)
 Metaspace       used 109540K, capacity 112527K, committed 112844K, reserved 1146880K
  class space    used 14030K, capacity 15110K, committed 15308K, reserved 1048576K
}
Event: 3981.983 GC heap before
{Heap before GC invocations=58 (full 0):
 garbage-first heap   total 147456K, used 95292K [0x0000000080000000, 0x0000000100000000)
  region size 1024K, 12 young (12288K), 1 survivors (1024K)
 Metaspace       used 109595K, capacity 112531K, committed 112844K, reserved 1146880K
  class space    used 14031K, capacity 15111K, committed 15308K, reserved 1048576K
}
Event: 3981.991 GC heap after
{Heap after GC invocations=59 (full 0):
 garbage-first heap   total 147456K, used 87470K [0x0000000080000000, 0x0000000100000000)
  region size 1024K, 3 young (3072K), 3 survivors (3072K)
 Metaspace       used 109595K, capacity 112531K, committed 112844K, reserved 1146880K
  class space    used 14031K, capacity 15111K, committed 15308K, reserved 1048576K
}
Event: 3982.454 GC heap before
{Heap before GC invocations=60 (full 0):
 garbage-first heap   total 147456K, used 114094K [0x0000000080000000, 0x0000000100000000)
  region size 1024K, 28 young (28672K), 3 survivors (3072K)
 Metaspace       used 109614K, capacity 112531K, committed 112844K, reserved 1146880K
  class space    used 14031K, capacity 15111K, committed 15308K, reserved 1048576K
}
Event: 3982.474 GC heap after
{Heap after GC invocations=61 (full 0):
 garbage-first heap   total 147456K, used 95384K [0x0000000080000000, 0x0000000100000000)
  region size 1024K, 4 young (4096K), 4 survivors (4096K)
 Metaspace       used 109614K, capacity 112531K, committed 112844K, reserved 1146880K
  class space    used 14031K, capacity 15111K, committed 15308K, reserved 1048576K
}
Event: 3982.523 GC heap before
{Heap before GC invocations=61 (full 0):
 garbage-first heap   total 147456K, used 98456K [0x0000000080000000, 0x0000000100000000)
  region size 1024K, 7 young (7168K), 4 survivors (4096K)
 Metaspace       used 109636K, capacity 112597K, committed 112844K, reserved 1146880K
  class space    used 14031K, capacity 15111K, committed 15308K, reserved 1048576K
}
Event: 3982.570 GC heap after
{Heap after GC invocations=62 (full 0):
 garbage-first heap   total 147456K, used 86749K [0x0000000080000000, 0x0000000100000000)
  region size 1024K, 1 young (1024K), 1 survivors (1024K)
 Metaspace       used 109636K, capacity 112597K, committed 112844K, reserved 1146880K
  class space    used 14031K, capacity 15111K, committed 15308K, reserved 1048576K
}

