# JRE version: OpenJDK Runtime Environment (11.0.10) (build 11.0.10+0-b96-7249189)
# Java VM: OpenJDK 64-Bit Server VM (11.0.10+0-b96-7249189, mixed mode, tiered, compressed oops, g1 gc, windows-amd64)
Heap:
 garbage-first heap   total 212992K, used 146843K [0x0000000080000000, 0x0000000100000000)
  region size 1024K, 9 young (9216K), 5 survivors (5120K)
 Metaspace       used 140810K, capacity 144790K, committed 144996K, reserved 1175552K
  class space    used 17791K, capacity 19264K, committed 19328K, reserved 1048576K
GC Heap History (20 events):
Event: 4537.145 GC heap before
{Heap before GC invocations=66 (full 0):
 garbage-first heap   total 177152K, used 139596K [0x0000000080000000, 0x0000000100000000)
  region size 1024K, 22 young (22528K), 1 survivors (1024K)
 Metaspace       used 120007K, capacity 123124K, committed 123236K, reserved 1157120K
  class space    used 15096K, capacity 16242K, committed 16256K, reserved 1048576K
}
Event: 4537.169 GC heap after
{Heap after GC invocations=67 (full 0):
 garbage-first heap   total 212992K, used 119927K [0x0000000080000000, 0x0000000100000000)
  region size 1024K, 3 young (3072K), 3 survivors (3072K)
 Metaspace       used 120007K, capacity 123124K, committed 123236K, reserved 1157120K
  class space    used 15096K, capacity 16242K, committed 16256K, reserved 1048576K
}
Event: 4538.797 GC heap before
{Heap before GC invocations=68 (full 0):
 garbage-first heap   total 212992K, used 152695K [0x0000000080000000, 0x0000000100000000)
  region size 1024K, 36 young (36864K), 3 survivors (3072K)
 Metaspace       used 121851K, capacity 125057K, committed 125284K, reserved 1159168K
  class space    used 15309K, capacity 16438K, committed 16512K, reserved 1048576K
}
Event: 4538.811 GC heap after
{Heap after GC invocations=69 (full 0):
 garbage-first heap   total 212992K, used 122558K [0x0000000080000000, 0x0000000100000000)
  region size 1024K, 5 young (5120K), 5 survivors (5120K)
 Metaspace       used 121851K, capacity 125057K, committed 125284K, reserved 1159168K
  class space    used 15309K, capacity 16438K, committed 16512K, reserved 1048576K
}
Event: 4539.061 GC heap before
{Heap before GC invocations=69 (full 0):
 garbage-first heap   total 212992K, used 127678K [0x0000000080000000, 0x0000000100000000)
  region size 1024K, 10 young (10240K), 5 survivors (5120K)
 Metaspace       used 121895K, capacity 125062K, committed 125284K, reserved 1159168K
  class space    used 15310K, capacity 16439K, committed 16512K, reserved 1048576K
}
Event: 4539.073 GC heap after
{Heap after GC invocations=70 (full 0):
 garbage-first heap   total 212992K, used 121851K [0x0000000080000000, 0x0000000100000000)
  region size 1024K, 2 young (2048K), 2 survivors (2048K)
 Metaspace       used 121895K, capacity 125062K, committed 125284K, reserved 1159168K
  class space    used 15310K, capacity 16439K, committed 16512K, reserved 1048576K
}
Event: 4563.935 GC heap before
{Heap before GC invocations=70 (full 0):
 garbage-first heap   total 212992K, used 155643K [0x0000000080000000, 0x0000000100000000)
  region size 1024K, 36 young (36864K), 2 survivors (2048K)
 Metaspace       used 123231K, capacity 126388K, committed 126436K, reserved 1159168K
  class space    used 15457K, capacity 16594K, committed 16640K, reserved 1048576K
}
Event: 4563.947 GC heap after
{Heap after GC invocations=71 (full 0):
 garbage-first heap   total 212992K, used 126308K [0x0000000080000000, 0x0000000100000000)
  region size 1024K, 5 young (5120K), 5 survivors (5120K)
 Metaspace       used 123231K, capacity 126388K, committed 126436K, reserved 1159168K
  class space    used 15457K, capacity 16594K, committed 16640K, reserved 1048576K
}
Event: 4564.663 GC heap before
{Heap before GC invocations=71 (full 0):
 garbage-first heap   total 212992K, used 160100K [0x0000000080000000, 0x0000000100000000)
  region size 1024K, 39 young (39936K), 5 survivors (5120K)
 Metaspace       used 123860K, capacity 127042K, committed 127332K, reserved 1159168K
  class space    used 15537K, capacity 16681K, committed 16768K, reserved 1048576K
}
Event: 4564.670 GC heap after
{Heap after GC invocations=72 (full 0):
 garbage-first heap   total 212992K, used 125044K [0x0000000080000000, 0x0000000100000000)
  region size 1024K, 1 young (1024K), 1 survivors (1024K)
 Metaspace       used 123860K, capacity 127042K, committed 127332K, reserved 1159168K
  class space    used 15537K, capacity 16681K, committed 16768K, reserved 1048576K
}
Event: 4567.059 GC heap before
{Heap before GC invocations=72 (full 0):
 garbage-first heap   total 212992K, used 161908K [0x0000000080000000, 0x0000000100000000)
  region size 1024K, 38 young (38912K), 1 survivors (1024K)
 Metaspace       used 129901K, capacity 133107K, committed 133220K, reserved 1165312K
  class space    used 16320K, capacity 17467K, committed 17536K, reserved 1048576K
}
Event: 4567.072 GC heap after
{Heap after GC invocations=73 (full 0):
 garbage-first heap   total 212992K, used 128455K [0x0000000080000000, 0x0000000100000000)
  region size 1024K, 5 young (5120K), 5 survivors (5120K)
 Metaspace       used 129901K, capacity 133107K, committed 133220K, reserved 1165312K
  class space    used 16320K, capacity 17467K, committed 17536K, reserved 1048576K
}
Event: 4569.551 GC heap before
{Heap before GC invocations=74 (full 0):
 garbage-first heap   total 212992K, used 166343K [0x0000000080000000, 0x0000000100000000)
  region size 1024K, 42 young (43008K), 5 survivors (5120K)
 Metaspace       used 131941K, capacity 135193K, committed 135524K, reserved 1167360K
  class space    used 16520K, capacity 17688K, committed 17792K, reserved 1048576K
}
Event: 4569.573 GC heap after
{Heap after GC invocations=75 (full 0):
 garbage-first heap   total 212992K, used 137456K [0x0000000080000000, 0x0000000100000000)
  region size 1024K, 6 young (6144K), 6 survivors (6144K)
 Metaspace       used 131941K, capacity 135193K, committed 135524K, reserved 1167360K
  class space    used 16520K, capacity 17688K, committed 17792K, reserved 1048576K
}
Event: 4569.786 GC heap before
{Heap before GC invocations=75 (full 0):
 garbage-first heap   total 212992K, used 141552K [0x0000000080000000, 0x0000000100000000)
  region size 1024K, 10 young (10240K), 6 survivors (6144K)
 Metaspace       used 132067K, capacity 135352K, committed 135524K, reserved 1167360K
  class space    used 16535K, capacity 17697K, committed 17792K, reserved 1048576K
}
Event: 4569.805 GC heap after
{Heap after GC invocations=76 (full 0):
 garbage-first heap   total 212992K, used 131910K [0x0000000080000000, 0x0000000100000000)
  region size 1024K, 1 young (1024K), 1 survivors (1024K)
 Metaspace       used 132067K, capacity 135352K, committed 135524K, reserved 1167360K
  class space    used 16535K, capacity 17697K, committed 17792K, reserved 1048576K
}
Event: 4571.314 GC heap before
{Heap before GC invocations=76 (full 0):
 garbage-first heap   total 212992K, used 169798K [0x0000000080000000, 0x0000000100000000)
  region size 1024K, 37 young (37888K), 1 survivors (1024K)
 Metaspace       used 134383K, capacity 137804K, committed 137956K, reserved 1169408K
  class space    used 16862K, capacity 18103K, committed 18176K, reserved 1048576K
}
Event: 4571.332 GC heap after
{Heap after GC invocations=77 (full 0):
 garbage-first heap   total 212992K, used 139264K [0x0000000080000000, 0x0000000100000000)
  region size 1024K, 5 young (5120K), 5 survivors (5120K)
 Metaspace       used 134383K, capacity 137804K, committed 137956K, reserved 1169408K
  class space    used 16862K, capacity 18103K, committed 18176K, reserved 1048576K
}
Event: 4572.818 GC heap before
{Heap before GC invocations=77 (full 0):
 garbage-first heap   total 212992K, used 171008K [0x0000000080000000, 0x0000000100000000)
  region size 1024K, 37 young (37888K), 5 survivors (5120K)
 Metaspace       used 139217K, capacity 143039K, committed 143204K, reserved 1173504K
  class space    used 17639K, capacity 19063K, committed 19072K, reserved 1048576K
}
Event: 4572.832 GC heap after
{Heap after GC invocations=78 (full 0):
 garbage-first heap   total 212992K, used 140484K [0x0000000080000000, 0x0000000100000000)
  region size 1024K, 2 young (2048K), 2 survivors (2048K)
 Metaspace       used 139217K, capacity 143039K, committed 143204K, reserved 1173504K
  class space    used 17639K, capacity 19063K, committed 19072K, reserved 1048576K
}

